This is XeTeX, Version 3.14159265-2.6-0.999991 (TeX Live 2019) (preloaded format=xelatex 2019.6.22)  26 JUL 2019 10:36
entering extended mode
 \write18 enabled.
 file:line:error style messages enabled.
 %&-line parsing enabled.
**"Classifier Sign List, Rank 1.tex"
(./Classifier Sign List, Rank 1.tex
LaTeX2e <2018-12-01>
(/usr/local/texlive/2019/texmf-dist/tex/latex/base/report.cls
Document Class: report 2018/09/03 v1.4i Standard LaTeX document class
(/usr/local/texlive/2019/texmf-dist/tex/latex/base/size10.clo
File: size10.clo 2018/09/03 v1.4i Standard LaTeX file (size option)
)
\c@part=\count80
\c@chapter=\count81
\c@section=\count82
\c@subsection=\count83
\c@subsubsection=\count84
\c@paragraph=\count85
\c@subparagraph=\count86
\c@figure=\count87
\c@table=\count88
\abovecaptionskip=\skip41
\belowcaptionskip=\skip42
\bibindent=\dimen102
)
(/usr/local/texlive/2019/texmf-dist/tex/latex/graphbox/graphbox.sty
Package: graphbox 2018/01/17 v1.1 extension for graphicx to adjust containing b
ox

(/usr/local/texlive/2019/texmf-dist/tex/latex/graphics/graphicx.sty
Package: graphicx 2017/06/01 v1.1a Enhanced LaTeX Graphics (DPC,SPQR)

(/usr/local/texlive/2019/texmf-dist/tex/latex/graphics/keyval.sty
Package: keyval 2014/10/28 v1.15 key=value parser (DPC)
\KV@toks@=\toks14
)
(/usr/local/texlive/2019/texmf-dist/tex/latex/graphics/graphics.sty
Package: graphics 2017/06/25 v1.2c Standard LaTeX Graphics (DPC,SPQR)

(/usr/local/texlive/2019/texmf-dist/tex/latex/graphics/trig.sty
Package: trig 2016/01/03 v1.10 sin cos tan (DPC)
)
(/usr/local/texlive/2019/texmf-dist/tex/latex/graphics-cfg/graphics.cfg
File: graphics.cfg 2016/06/04 v1.11 sample graphics configuration
)
Package graphics Info: Driver file: xetex.def on input line 99.

(/usr/local/texlive/2019/texmf-dist/tex/latex/graphics-def/xetex.def
File: xetex.def 2017/06/24 v5.0h Graphics/color driver for xetex
))
\Gin@req@height=\dimen103
\Gin@req@width=\dimen104
)
\Gin@box@box=\box27
\Gin@box@width=\skip43
\Gin@box@height=\skip44
\Gin@box@raise=\skip45
\Gin@box@hspace=\skip46
\Gin@box@bwidth=\skip47
\Gin@box@bheight=\skip48
)
(/usr/local/texlive/2019/texmf-dist/tex/latex/oberdiek/epstopdf.sty
Package: epstopdf 2016/05/15 v2.6 Conversion with epstopdf on the fly (HO)

(/usr/local/texlive/2019/texmf-dist/tex/latex/oberdiek/epstopdf-base.sty
Package: epstopdf-base 2016/05/15 v2.6 Base part for package epstopdf

(/usr/local/texlive/2019/texmf-dist/tex/generic/oberdiek/infwarerr.sty
Package: infwarerr 2016/05/16 v1.4 Providing info/warning/error messages (HO)
)
(/usr/local/texlive/2019/texmf-dist/tex/latex/oberdiek/grfext.sty
Package: grfext 2016/05/16 v1.2 Manage graphics extensions (HO)

(/usr/local/texlive/2019/texmf-dist/tex/generic/oberdiek/kvdefinekeys.sty
Package: kvdefinekeys 2016/05/16 v1.4 Define keys (HO)

(/usr/local/texlive/2019/texmf-dist/tex/generic/oberdiek/ltxcmds.sty
Package: ltxcmds 2016/05/16 v1.23 LaTeX kernel commands for general use (HO)
)))
(/usr/local/texlive/2019/texmf-dist/tex/latex/oberdiek/kvoptions.sty
Package: kvoptions 2016/05/16 v3.12 Key value format for package options (HO)

(/usr/local/texlive/2019/texmf-dist/tex/generic/oberdiek/kvsetkeys.sty
Package: kvsetkeys 2016/05/16 v1.17 Key value parser (HO)

(/usr/local/texlive/2019/texmf-dist/tex/generic/oberdiek/etexcmds.sty
Package: etexcmds 2016/05/16 v1.6 Avoid name clashes with e-TeX commands (HO)

(/usr/local/texlive/2019/texmf-dist/tex/generic/oberdiek/ifluatex.sty
Package: ifluatex 2016/05/16 v1.4 Provides the ifluatex switch (HO)
Package ifluatex Info: LuaTeX not detected.
))))
(/usr/local/texlive/2019/texmf-dist/tex/generic/oberdiek/pdftexcmds.sty
Package: pdftexcmds 2018/09/10 v0.29 Utility functions of pdfTeX for LuaTeX (HO
)

(/usr/local/texlive/2019/texmf-dist/tex/generic/oberdiek/ifpdf.sty
Package: ifpdf 2018/09/07 v3.3 Provides the ifpdf switch
)
Package pdftexcmds Info: LuaTeX not detected.
Package pdftexcmds Info: pdfTeX >= 1.30 not detected.
Package pdftexcmds Info: \pdf@primitive is available.
Package pdftexcmds Info: \pdf@ifprimitive is available.
Package pdftexcmds Info: \pdfdraftmode not found.
)

Package epstopdf Warning: Drivers other than `pdftex' and `luatex' are not supp
orted.

)) (/usr/local/texlive/2019/texmf-dist/tex/latex/tools/longtable.sty
Package: longtable 2014/10/28 v4.11 Multi-page Table package (DPC)+ FMi change
\LTleft=\skip49
\LTright=\skip50
\LTpre=\skip51
\LTpost=\skip52
\LTchunksize=\count89
\LTcapwidth=\dimen105
\LT@head=\box28
\LT@firsthead=\box29
\LT@foot=\box30
\LT@lastfoot=\box31
\LT@cols=\count90
\LT@rows=\count91
\c@LT@tables=\count92
\c@LT@chunks=\count93
\LT@p@ftn=\toks15
)
(/usr/local/texlive/2019/texmf-dist/tex/latex/geometry/geometry.sty
Package: geometry 2018/04/16 v5.8 Page Geometry

(/usr/local/texlive/2019/texmf-dist/tex/generic/oberdiek/ifvtex.sty
Package: ifvtex 2016/05/16 v1.6 Detect VTeX and its facilities (HO)
Package ifvtex Info: VTeX not detected.
)
(/usr/local/texlive/2019/texmf-dist/tex/generic/ifxetex/ifxetex.sty
Package: ifxetex 2010/09/12 v0.6 Provides ifxetex conditional
)
\Gm@cnth=\count94
\Gm@cntv=\count95
\c@Gm@tempcnt=\count96
\Gm@bindingoffset=\dimen106
\Gm@wd@mp=\dimen107
\Gm@odd@mp=\dimen108
\Gm@even@mp=\dimen109
\Gm@layoutwidth=\dimen110
\Gm@layoutheight=\dimen111
\Gm@layouthoffset=\dimen112
\Gm@layoutvoffset=\dimen113
\Gm@dimlist=\toks16
)
(/Users/christiancasey/Dropbox/Code/Matlab/Dissertation/Demotic_Facsimile_Proce
ssor/latex_output/.texpadtmp/Classifier Sign List, Rank 1.aux)
\openout1 = `"Classifier Sign List, Rank 1.aux"'.

LaTeX Font Info:    Checking defaults for OML/cmm/m/it on input line 13.
LaTeX Font Info:    ... okay on input line 13.
LaTeX Font Info:    Checking defaults for T1/cmr/m/n on input line 13.
LaTeX Font Info:    ... okay on input line 13.
LaTeX Font Info:    Checking defaults for OT1/cmr/m/n on input line 13.
LaTeX Font Info:    ... okay on input line 13.
LaTeX Font Info:    Checking defaults for OMS/cmsy/m/n on input line 13.
LaTeX Font Info:    ... okay on input line 13.
LaTeX Font Info:    Checking defaults for TU/lmr/m/n on input line 13.
LaTeX Font Info:    ... okay on input line 13.
LaTeX Font Info:    Checking defaults for OMX/cmex/m/n on input line 13.
LaTeX Font Info:    ... okay on input line 13.
LaTeX Font Info:    Checking defaults for U/cmr/m/n on input line 13.
LaTeX Font Info:    ... okay on input line 13.

*geometry* driver: auto-detecting
*geometry* detected driver: xetex
*geometry* verbose mode - [ preamble ] result:
* driver: xetex
* paper: letterpaper
* layout: <same size as paper>
* layoutoffset:(h,v)=(0.0pt,0.0pt)
* modes: 
* h-part:(L,W,R)=(56.9055pt, 500.484pt, 56.9055pt)
* v-part:(T,H,B)=(56.9055pt, 681.15898pt, 56.9055pt)
* \paperwidth=614.295pt
* \paperheight=794.96999pt
* \textwidth=500.484pt
* \textheight=681.15898pt
* \oddsidemargin=-15.36449pt
* \evensidemargin=-15.36449pt
* \topmargin=-52.36449pt
* \headheight=12.0pt
* \headsep=25.0pt
* \topskip=10.0pt
* \footskip=30.0pt
* \marginparwidth=65.0pt
* \marginparsep=11.0pt
* \columnsep=10.0pt
* \skip\footins=9.0pt plus 4.0pt minus 2.0pt
* \hoffset=0.0pt
* \voffset=0.0pt
* \mag=1000
* \@twocolumnfalse
* \@twosidefalse
* \@mparswitchfalse
* \@reversemarginfalse
* (1in=72.27pt=25.4mm, 1cm=28.453pt)


Overfull \hbox (1.05363pt too wide) in paragraph at lines 18--18
[]|\TU/lmr/m/n/10 No.| 
 []


Overfull \hbox (2.11678pt too wide) in paragraph at lines 18--18
[]|\TU/lmr/m/n/10 Platonic
 []

File: Figures/0001.eps Graphic file (type eps)
<Figures/0001.eps>
File: Figures/0002.eps Graphic file (type eps)
<Figures/0002.eps>
File: Figures/0003.eps Graphic file (type eps)
<Figures/0003.eps>
File: Figures/0004.eps Graphic file (type eps)
<Figures/0004.eps>
File: Figures/0005.eps Graphic file (type eps)
<Figures/0005.eps>
File: Figures/0006.eps Graphic file (type eps)
<Figures/0006.eps>
File: Figures/0007.eps Graphic file (type eps)
<Figures/0007.eps>
File: Figures/0008.eps Graphic file (type eps)
<Figures/0008.eps>
File: Figures/0009.eps Graphic file (type eps)
<Figures/0009.eps>
File: Figures/0010.eps Graphic file (type eps)
<Figures/0010.eps>
File: Figures/0011.eps Graphic file (type eps)
<Figures/0011.eps>
File: Figures/0012.eps Graphic file (type eps)
<Figures/0012.eps>
File: Figures/0013.eps Graphic file (type eps)
<Figures/0013.eps>
File: Figures/0014.eps Graphic file (type eps)
<Figures/0014.eps>
File: Figures/0015.eps Graphic file (type eps)
<Figures/0015.eps>
File: Figures/0016.eps Graphic file (type eps)
<Figures/0016.eps>
File: Figures/0017.eps Graphic file (type eps)
<Figures/0017.eps>
File: Figures/0018.eps Graphic file (type eps)
<Figures/0018.eps>
File: Figures/0019.eps Graphic file (type eps)
<Figures/0019.eps>
File: Figures/0020.eps Graphic file (type eps)
<Figures/0020.eps>
File: Figures/0021.eps Graphic file (type eps)
<Figures/0021.eps>
File: Figures/0022.eps Graphic file (type eps)
<Figures/0022.eps>
File: Figures/0023.eps Graphic file (type eps)
<Figures/0023.eps>
File: Figures/0024.eps Graphic file (type eps)
<Figures/0024.eps>
File: Figures/0025.eps Graphic file (type eps)
<Figures/0025.eps>
File: Figures/0026.eps Graphic file (type eps)
<Figures/0026.eps>
File: Figures/0027.eps Graphic file (type eps)
<Figures/0027.eps>
File: Figures/0028.eps Graphic file (type eps)
<Figures/0028.eps>
File: Figures/0029.eps Graphic file (type eps)
<Figures/0029.eps>
File: Figures/0030.eps Graphic file (type eps)
<Figures/0030.eps>
File: Figures/0031.eps Graphic file (type eps)
<Figures/0031.eps>
File: Figures/0032.eps Graphic file (type eps)
<Figures/0032.eps>
File: Figures/0033.eps Graphic file (type eps)
<Figures/0033.eps>
File: Figures/0034.eps Graphic file (type eps)
<Figures/0034.eps>
File: Figures/0035.eps Graphic file (type eps)
<Figures/0035.eps>
File: Figures/0036.eps Graphic file (type eps)
<Figures/0036.eps>
File: Figures/0037.eps Graphic file (type eps)
<Figures/0037.eps>
File: Figures/0038.eps Graphic file (type eps)
<Figures/0038.eps>
File: Figures/0039.eps Graphic file (type eps)
<Figures/0039.eps>
File: Figures/0040.eps Graphic file (type eps)
<Figures/0040.eps>
File: Figures/0041.eps Graphic file (type eps)
<Figures/0041.eps>
File: Figures/0042.eps Graphic file (type eps)
<Figures/0042.eps>
File: Figures/0043.eps Graphic file (type eps)
<Figures/0043.eps>
File: Figures/0044.eps Graphic file (type eps)
<Figures/0044.eps>
File: Figures/0045.eps Graphic file (type eps)
<Figures/0045.eps>
File: Figures/0046.eps Graphic file (type eps)
<Figures/0046.eps>
[1

] [2]
(/Users/christiancasey/Dropbox/Code/Matlab/Dissertation/Demotic_Facsimile_Proce
ssor/latex_output/.texpadtmp/Classifier Sign List, Rank 1.aux) )
(\end occurred when \ifx on line 161 was incomplete) 
Here is how much of TeX's memory you used:
 1862 strings out of 492909
 28363 string characters out of 6132923
 133307 words of memory out of 5000000
 5859 multiletter control sequences out of 15000+600000
 3648 words of font info for 15 fonts, out of 8000000 for 9000
 1348 hyphenation exceptions out of 8191
 42i,10n,32p,439b,360s stack positions out of 5000i,500n,10000p,200000b,80000s

Output written on /Users/christiancasey/Dropbox/Code/Matlab/Dissertation/Demoti
c_Facsimile_Processor/latex_output/.texpadtmp/Classifier Sign List, Rank 1.pdf 
(2 pages).
